    OpenRGB v0.9
    Commit: b5f46e3f1de03595656c682fc2f068b66e735e63 from 2023-07-09 22:51:47 -0500
    Launched: 20240808_193743
====================================================================================================

1011  |Info:    ------------------------------------------------------
1011  |Info:    |               Start device detection               |
1011  |Info:    ------------------------------------------------------
1028  |Info:    Initializing HID interfaces: Success
1045  |Info:    ------------------------------------------------------
1045  |Info:    |             Detecting I2C interfaces               |
1045  |Info:    ------------------------------------------------------
1045  |Info:    ------------------------------------------------------
1045  |Info:    |               Detecting I2C devices                |
1045  |Info:    ------------------------------------------------------
1045  |Info:    ------------------------------------------------------
1045  |Info:    |               Detecting I2C PCI devices            |
1045  |Info:    ------------------------------------------------------
1047  |Info:    ------------------------------------------------------
1047  |Info:    |               Detecting HID devices                |
1047  |Info:    ------------------------------------------------------
1047  |Info:    ------------------------------------------------------
1047  |Info:    |              Detecting other devices               |
1047  |Info:    ------------------------------------------------------
1271  |Info:    ------------------------------------------------------
1271  |Info:    |                Detection completed                 |
1271  |Info:    ------------------------------------------------------
